0 info it worked if it ends with ok
1 verbose cli [ '/home/leijiwen/software/node-v4.2.5/bin/node',
1 verbose cli   '/usr/local/bin/npm',
1 verbose cli   'run',
1 verbose cli   'server.js' ]
2 info using npm@3.3.12
3 info using node@v4.2.5
4 verbose stack Error: missing script: server.js
4 verbose stack     at run (/home/leijiwen/software/node-v4.2.5/lib/node_modules/npm/lib/run-script.js:147:19)
4 verbose stack     at /home/leijiwen/software/node-v4.2.5/lib/node_modules/npm/lib/run-script.js:57:5
4 verbose stack     at /home/leijiwen/software/node-v4.2.5/lib/node_modules/npm/node_modules/read-package-json/read-json.js:345:5
4 verbose stack     at checkBinReferences_ (/home/leijiwen/software/node-v4.2.5/lib/node_modules/npm/node_modules/read-package-json/read-json.js:309:45)
4 verbose stack     at final (/home/leijiwen/software/node-v4.2.5/lib/node_modules/npm/node_modules/read-package-json/read-json.js:343:3)
4 verbose stack     at then (/home/leijiwen/software/node-v4.2.5/lib/node_modules/npm/node_modules/read-package-json/read-json.js:113:5)
4 verbose stack     at /home/leijiwen/software/node-v4.2.5/lib/node_modules/npm/node_modules/read-package-json/read-json.js:300:12
4 verbose stack     at /home/leijiwen/software/node-v4.2.5/lib/node_modules/npm/node_modules/graceful-fs/graceful-fs.js:76:16
4 verbose stack     at FSReqWrap.readFileAfterClose [as oncomplete] (fs.js:380:3)
5 verbose cwd /home/leijiwen/software/webstorm-workspace/huajianmo/huajianmo-admin
6 error Linux 3.16.0-71-generic
7 error argv "/home/leijiwen/software/node-v4.2.5/bin/node" "/usr/local/bin/npm" "run" "server.js"
8 error node v4.2.5
9 error npm  v3.3.12
10 error missing script: server.js
11 error If you need help, you may report this error at:
11 error     <https://github.com/npm/npm/issues>
12 verbose exit [ 1, true ]
